  Player.cpp
c:\users\nemo.wiren\documents\christian zombies\game\game\player.cpp(23): warning C4244: 'argument': conversion from 'T' to 'T', possible loss of data
          with
          [
              T=unsigned int
          ]
          and
          [
              T=float
          ]
c:\users\nemo.wiren\documents\christian zombies\game\game\player.cpp(45): warning C4244: '-=': conversion from 'double' to 'float', possible loss of data
c:\users\nemo.wiren\documents\christian zombies\game\game\player.cpp(50): warning C4244: 'initializing': conversion from 'double' to 'float', possible loss of data
c:\users\nemo.wiren\documents\christian zombies\game\game\player.cpp(57): warning C4244: 'argument': conversion from 'int' to 'T', possible loss of data
          with
          [
              T=float
          ]
c:\users\nemo.wiren\documents\christian zombies\game\game\player.cpp(59): warning C4244: 'argument': conversion from 'T' to 'float', possible loss of data
          with
          [
              T=unsigned int
          ]
c:\users\nemo.wiren\documents\christian zombies\game\game\player.cpp(61): warning C4244: 'argument': conversion from 'int' to 'T', possible loss of data
          with
          [
              T=float
          ]
c:\users\nemo.wiren\documents\christian zombies\game\game\player.cpp(67): warning C4244: 'argument': conversion from 'T' to 'float', possible loss of data
          with
          [
              T=unsigned int
          ]
c:\users\nemo.wiren\documents\christian zombies\game\game\player.cpp(72): warning C4244: 'argument': conversion from 'T' to 'float', possible loss of data
          with
          [
              T=unsigned int
          ]
c:\users\nemo.wiren\documents\christian zombies\game\game\player.cpp(85): warning C4305: 'argument': truncation from 'double' to 'float'
c:\users\nemo.wiren\documents\christian zombies\game\game\player.cpp(115): warning C4554: '^': check operator precedence for possible error; use parentheses to clarify precedence
c:\users\nemo.wiren\documents\christian zombies\game\game\player.cpp(141): warning C4554: '^': check operator precedence for possible error; use parentheses to clarify precedence
c:\users\nemo.wiren\documents\christian zombies\game\game\player.cpp(254): warning C4244: '=': conversion from 'float' to 'int', possible loss of data
  Game.vcxproj -> C:\Users\nemo.wiren\Documents\Christian Zombies\Game\Debug\Game.exe
